<?xml version="1.0" encoding="UTF-8"?>
<testng-results skipped="0" failed="0" ignored="0" total="2" passed="2">
  <reporter-output>
  </reporter-output>
  <suite name="Suite" duration-ms="56849" started-at="2020-04-26T06:49:19Z" finished-at="2020-04-26T06:50:16Z">
    <groups>
    </groups>
    <test name="Test" duration-ms="56849" started-at="2020-04-26T06:49:19Z" finished-at="2020-04-26T06:50:16Z">
      <class name="com.test.TestRunner.TestRunner">
        <test-method status="PASS" signature="setUpClass()[pri:0, instance:com.test.TestRunner.TestRunner@5649fd9b]" name="setUpClass" is-config="true" duration-ms="279" started-at="2020-04-26T06:49:19Z" finished-at="2020-04-26T06:49:19Z">
          <reporter-output>
          </reporter-output>
        </test-method> <!-- setUpClass -->
        <test-method status="PASS" signature="feature(cucumber.api.testng.PickleEventWrapper, cucumber.api.testng.CucumberFeatureWrapper)[pri:0, instance:com.test.TestRunner.TestRunner@5649fd9b]" name="feature" duration-ms="29570" started-at="2020-04-26T06:49:19Z" data-provider="features" finished-at="2020-04-26T06:49:49Z">
          <params>
            <param index="0">
              <value>
                <![CDATA["Youtube search positive scenarios"]]>
              </value>
            </param>
            <param index="1">
              <value>
                <![CDATA["Youube search validation"]]>
              </value>
            </param>
          </params>
          <reporter-output>
          </reporter-output>
        </test-method> <!-- feature -->
        <test-method status="PASS" signature="feature(cucumber.api.testng.PickleEventWrapper, cucumber.api.testng.CucumberFeatureWrapper)[pri:0, instance:com.test.TestRunner.TestRunner@5649fd9b]" name="feature" duration-ms="25306" started-at="2020-04-26T06:49:50Z" data-provider="features" finished-at="2020-04-26T06:50:15Z">
          <params>
            <param index="0">
              <value>
                <![CDATA["Youtube search positive scenarios"]]>
              </value>
            </param>
            <param index="1">
              <value>
                <![CDATA["Youube search validation"]]>
              </value>
            </param>
          </params>
          <reporter-output>
          </reporter-output>
        </test-method> <!-- feature -->
        <test-method status="PASS" signature="tearDownClass()[pri:0, instance:com.test.TestRunner.TestRunner@5649fd9b]" name="tearDownClass" is-config="true" duration-ms="62" started-at="2020-04-26T06:50:16Z" finished-at="2020-04-26T06:50:16Z">
          <reporter-output>
          </reporter-output>
        </test-method> <!-- tearDownClass -->
      </class> <!-- com.test.TestRunner.TestRunner -->
    </test> <!-- Test -->
  </suite> <!-- Suite -->
</testng-results>
